<?xml version="1.0" encoding="UTF-8"?>
<!-- Generated by org.testng.reporters.JUnitReportReporter -->
<testsuite hostname="lokesh-Latitude-5400" name="runner.TestRunner" tests="2" failures="0" timestamp="13 Apr 2021 11:07:25 GMT" time="17.032" errors="1">
  <testcase name="scenario" time="4.096" classname="runner.TestRunner"/>
  <testcase name="scenario" time="12.936" classname="runner.TestRunner">
    <error type="java.lang.AssertionError" message="Oauth 2.0 not stoping browser automation expected [Couldn&#039;t sign you in] but found [sign in]">
      <![CDATA[java.lang.AssertionError: Oauth 2.0 not stoping browser automation expected [Couldn't sign you in] but found [sign in]
	at org.testng.Assert.fail(Assert.java:94)
	at org.testng.Assert.failNotEquals(Assert.java:494)
	at org.testng.Assert.assertEquals(Assert.java:123)
	at org.testng.Assert.assertEquals(Assert.java:176)
	at pages.LoginPage.verifyHiUserPageLoaded(LoginPage.java:57)
	at step.LoginSteps.userLoggedInUsingUsernameAndPassword(LoginSteps.java:53)
	at ✽.User logged in using username and password(file:src/test/java/featurefile/ComposeMail.feature:6)
]]>
    </error>
  </testcase> <!-- scenario -->
</testsuite> <!-- runner.TestRunner -->
