<?xml version="1.0" encoding="UTF-8"?>
<testng-results skipped="0" failed="0" total="2" passed="2">
  <reporter-output>
  </reporter-output>
  <suite name="Suite" duration-ms="74866" started-at="2021-04-14T03:17:57Z" finished-at="2021-04-14T03:19:12Z">
    <groups>
      <group name="cucumber scenarios">
        <method signature="TestRunner.scenario(cucumber.api.testng.PickleEventWrapper, cucumber.api.testng.CucumberFeatureWrapper)[pri:0, instance:runner.TestRunner@3f49dace]" name="scenario" class="runner.TestRunner"/>
      </group> <!-- cucumber scenarios -->
    </groups>
    <test name="Test" duration-ms="74866" started-at="2021-04-14T03:17:57Z" finished-at="2021-04-14T03:19:12Z">
      <class name="runner.TestRunner">
        <test-method status="PASS" signature="beforeSuite()[pri:0, instance:runner.TestRunner@3f49dace]" name="beforeSuite" is-config="true" duration-ms="19" started-at="2021-04-14T08:47:57Z" finished-at="2021-04-14T08:47:57Z">
          <reporter-output>
          </reporter-output>
        </test-method> <!-- beforeSuite -->
        <test-method status="PASS" signature="beforeClass()[pri:0, instance:runner.TestRunner@3f49dace]" name="beforeClass" is-config="true" duration-ms="95" started-at="2021-04-14T08:47:57Z" finished-at="2021-04-14T08:47:58Z">
          <reporter-output>
          </reporter-output>
        </test-method> <!-- beforeClass -->
        <test-method status="PASS" signature="scenario(cucumber.api.testng.PickleEventWrapper, cucumber.api.testng.CucumberFeatureWrapper)[pri:0, instance:runner.TestRunner@3f49dace]" name="scenario" duration-ms="70723" started-at="2021-04-14T08:47:58Z" data-provider="scenarios" finished-at="2021-04-14T08:49:08Z">
          <params>
            <param index="0">
              <value>
                <![CDATA["Verify that an email sent from one Gmail account can be received by another Gmail account Using"]]>
              </value>
            </param>
            <param index="1">
              <value>
                <![CDATA["ComposeMail"]]>
              </value>
            </param>
          </params>
          <reporter-output>
          </reporter-output>
        </test-method> <!-- scenario -->
        <test-method status="PASS" signature="scenario(cucumber.api.testng.PickleEventWrapper, cucumber.api.testng.CucumberFeatureWrapper)[pri:0, instance:runner.TestRunner@3f49dace]" name="scenario" duration-ms="3964" started-at="2021-04-14T08:49:08Z" data-provider="scenarios" finished-at="2021-04-14T08:49:12Z">
          <params>
            <param index="0">
              <value>
                <![CDATA["Verify that an email sent from one Gmail account can be received by another Gmail account"]]>
              </value>
            </param>
            <param index="1">
              <value>
                <![CDATA["ComposeMail"]]>
              </value>
            </param>
          </params>
          <reporter-output>
          </reporter-output>
        </test-method> <!-- scenario -->
        <test-method status="PASS" signature="tearDown()[pri:0, instance:runner.TestRunner@3f49dace]" name="tearDown" is-config="true" duration-ms="60" started-at="2021-04-14T08:49:12Z" finished-at="2021-04-14T08:49:12Z">
          <reporter-output>
          </reporter-output>
        </test-method> <!-- tearDown -->
      </class> <!-- runner.TestRunner -->
    </test> <!-- Test -->
  </suite> <!-- Suite -->
</testng-results>
