<?xml version="1.0" encoding="UTF-8"?>
<testsuite xmlns:xsi="http://www.w3.org/2001/XMLSchema-instance" xsi:noNamespaceSchemaLocation="https://maven.apache.org/surefire/maven-surefire-plugin/xsd/surefire-test-report.xsd" name="TestSuite" time="17.775" tests="2" errors="0" skipped="0" failures="1">
  <properties>
[...]
</properties>
  <testcase name="scenario" classname="runner.TestRunner" time="12.947">
    <failure message="Oauth 2.0 not stoping browser automation expected [Couldn&apos;t sign you in] but found [sign in]" type="java.lang.AssertionError">java.lang.AssertionError: Oauth 2.0 not stoping browser automation expected [Couldn't sign you in] but found [sign in]
</failure>
    <system-out><![CDATA[This will run before the scenario
0 [main] INFO pages.ComposeMailPage  - Home Page Loaded
400 [main] INFO pages.ComposeMailPage  - Entered Email or Phone
This will run after the scenario
]]></system-out>
    <system-err><![CDATA[Starting ChromeDriver 89.0.4389.23 (61b08ee2c50024bab004e48d2b1b083cdbdac579-refs/branch-heads/4389@{#294}) on port 25382
Only local connections are allowed.
Please see https://chromedriver.chromium.org/security-considerations for suggestions on keeping ChromeDriver safe.
ChromeDriver was started successfully.
[1618312029.288][WARNING]: Deprecated chrome option is ignored: useAutomationExtension
[1618312029.288][WARNING]: Deprecated chrome option is ignored: useAutomationExtension
Apr 13, 2021 4:37:10 PM org.openqa.selenium.remote.ProtocolHandshake createSession
INFO: Detected dialect: W3C
]]></system-err>
  </testcase>
  <testcase name="scenario" classname="runner.TestRunner" time="4.09"/>
</testsuite>